[ 2017-05-10T04:24:08+08:00 ] ::1 /QHKJ/pf/Ht/Office/add.html
ERR: 非法操作:add

[ 2017-05-10T04:42:15+08:00 ] ::1 /QHKJ/pf/Ht/Resource/index.html
ERR: 非法操作:index

[ 2017-05-10T04:42:19+08:00 ] ::1 /QHKJ/pf/Ht/Resource/index.html
ERR: 非法操作:index

[ 2017-05-10T04:42:34+08:00 ] ::1 /QHKJ/pf/Ht/Resource/index.html
ERR: 非法操作:index

[ 2017-05-10T04:47:45+08:00 ] ::1 /QHKJ/pf/Ht/Resource/www.baidu.com
ERR: 非法操作:www.baidu.com

[ 2017-05-10T05:35:29+08:00 ] ::1 /QHKJ/pf/Ht/Office/selectresource/id/9.html
ERR: 非法操作:selectresource

[ 2017-05-10T08:16:52+08:00 ] ::1 /QHKJ/pf/Ht/Office/add.html
ERR: 非法操作:add

[ 2017-05-10T14:09:40+08:00 ] ::1 /QHKJ/pf/Home/Login/index.html
ERR: 无法加载控制器:Login

[ 2017-05-10T14:09:53+08:00 ] ::1 /QHKJ/pf/Home/Login/index.html
ERR: 无法加载控制器:Login

[ 2017-05-10T14:09:54+08:00 ] ::1 /QHKJ/pf/Home/Login/index.html
ERR: 无法加载控制器:Login

[ 2017-05-10T14:10:01+08:00 ] ::1 /QHKJ/pf/Home/Login/index.html
ERR: 无法加载控制器:Login

[ 2017-05-10T14:10:25+08:00 ] ::1 /QHKJ/pf/Home/Login/index.html
ERR: 无法加载控制器:Login

[ 2017-05-10T14:11:48+08:00 ] ::1 /QHKJ/pf/Home/Login/index.html
ERR: 无法加载控制器:Login

[ 2017-05-10T14:12:04+08:00 ] ::1 /QHKJ/pf/Home/Login/index.html
ERR: 无法加载控制器:Login

[ 2017-05-10T14:12:21+08:00 ] ::1 /QHKJ/pf/Home/Login/index.html
ERR: 无法加载控制器:Login

[ 2017-05-10T22:07:15+08:00 ] ::1 /QHKJ/pf/
ERR: 模板不存在:./App/Home/View/Index/index.html

